<?xml version="1.0" encoding="UTF-8"?>
<!-- Generated by org.testng.reporters.JUnitReportReporter -->
<testsuite skipped="0" hostname="jfaisal" name="tests.HomePageTest" tests="2" failures="0" timestamp="2019-09-04T01:03:51 ART" time="33.044" errors="0">
  <testcase name="test1" time="17.836" classname="tests.HomePageTest"/>
  <testcase name="test2" time="15.208" classname="tests.HomePageTest"/>
</testsuite> <!-- tests.HomePageTest -->
