<?xml version="1.0" encoding="UTF-8"?>
<!-- Generated by org.testng.reporters.JUnitReportReporter -->
<testsuite skipped="0" hostname="jfaisal" name="tests.HomePageTest" tests="2" failures="0" timestamp="2019-08-28T10:42:27 ART" time="32.377" errors="0">
  <testcase name="test1" time="16.467" classname="tests.HomePageTest"/>
  <testcase name="test2" time="15.910" classname="tests.HomePageTest"/>
</testsuite> <!-- tests.HomePageTest -->
